2016-02-27 21:21:49,061 - Velocimacro : autoload off  : VM system will not automatically reload global library macros
2016-02-27 21:21:49,061 - Velocimacro : initialization complete.
2016-02-27 21:21:49,061 - Velocity successfully started.
2016-02-27 21:27:37,471 - SimpleLog4JLogSystem initialized using logfile 'velocity.log'
2016-02-27 21:27:37,471 - ************************************************************** 
2016-02-27 21:27:37,471 - Starting Jakarta Velocity v1.4
2016-02-27 21:27:37,471 - RuntimeInstance initializing.
2016-02-27 21:27:37,471 - Default Properties File: org\apache\velocity\runtime\defaults\velocity.properties
2016-02-27 21:27:37,471 - Trying to use logger class org.apache.velocity.runtime.log.SimpleLog4JLogSystem
2016-02-27 21:27:37,471 - Using logger class org.apache.velocity.runtime.log.SimpleLog4JLogSystem
2016-02-27 21:27:37,487 - Default ResourceManager initializing. (class org.apache.velocity.runtime.resource.ResourceManagerImpl)
2016-02-27 21:27:37,487 - Resource Loader Instantiated: org.apache.velocity.runtime.resource.loader.ClasspathResourceLoader
2016-02-27 21:27:37,487 - ClasspathResourceLoader : initialization starting.
2016-02-27 21:27:37,487 - ClasspathResourceLoader : initialization complete.
2016-02-27 21:27:37,487 - ResourceCache : initialized. (class org.apache.velocity.runtime.resource.ResourceCacheImpl)
2016-02-27 21:27:37,487 - Default ResourceManager initialization complete.
2016-02-27 21:27:37,503 - Loaded System Directive: org.apache.velocity.runtime.directive.Literal
2016-02-27 21:27:37,503 - Loaded System Directive: org.apache.velocity.runtime.directive.Macro
2016-02-27 21:27:37,503 - Loaded System Directive: org.apache.velocity.runtime.directive.Parse
2016-02-27 21:27:37,518 - Loaded System Directive: org.apache.velocity.runtime.directive.Include
2016-02-27 21:27:37,518 - Loaded System Directive: org.apache.velocity.runtime.directive.Foreach
2016-02-27 21:27:37,565 - Created: 20 parsers.
2016-02-27 21:27:37,581 - Velocimacro : initialization starting.
2016-02-27 21:27:37,581 - Velocimacro : adding VMs from VM library template : VM_global_library.vm
2016-02-27 21:27:37,596 - ResourceManager : unable to find resource 'VM_global_library.vm' in any resource loader.
2016-02-27 21:27:37,596 - Velocimacro : error using  VM library template VM_global_library.vm : org.apache.velocity.exception.ResourceNotFoundException: Unable to find resource 'VM_global_library.vm'
2016-02-27 21:27:37,596 - Velocimacro :  VM library template macro registration complete.
2016-02-27 21:27:37,596 - Velocimacro : allowInline = true : VMs can be defined inline in templates
2016-02-27 21:27:37,596 - Velocimacro : allowInlineToOverride = false : VMs defined inline may NOT replace previous VM definitions
2016-02-27 21:27:37,596 - Velocimacro : allowInlineLocal = false : VMs defined inline will be  global in scope if allowed.
2016-02-27 21:27:37,596 - Velocimacro : messages on  : VM system will output logging messages
2016-02-27 21:27:37,596 - Velocimacro : autoload off  : VM system will not automatically reload global library macros
2016-02-27 21:27:37,596 - Velocimacro : initialization complete.
2016-02-27 21:27:37,596 - Velocity successfully started.
2016-02-27 21:31:56,754 - SimpleLog4JLogSystem initialized using logfile 'velocity.log'
2016-02-27 21:31:56,754 - ************************************************************** 
2016-02-27 21:31:56,754 - Starting Jakarta Velocity v1.4
2016-02-27 21:31:56,754 - RuntimeInstance initializing.
2016-02-27 21:31:56,754 - Default Properties File: org\apache\velocity\runtime\defaults\velocity.properties
2016-02-27 21:31:56,754 - Trying to use logger class org.apache.velocity.runtime.log.SimpleLog4JLogSystem
2016-02-27 21:31:56,754 - Using logger class org.apache.velocity.runtime.log.SimpleLog4JLogSystem
2016-02-27 21:31:56,770 - Default ResourceManager initializing. (class org.apache.velocity.runtime.resource.ResourceManagerImpl)
2016-02-27 21:31:56,770 - Resource Loader Instantiated: org.apache.velocity.runtime.resource.loader.ClasspathResourceLoader
2016-02-27 21:31:56,770 - ClasspathResourceLoader : initialization starting.
2016-02-27 21:31:56,770 - ClasspathResourceLoader : initialization complete.
2016-02-27 21:31:56,770 - ResourceCache : initialized. (class org.apache.velocity.runtime.resource.ResourceCacheImpl)
2016-02-27 21:31:56,770 - Default ResourceManager initialization complete.
2016-02-27 21:31:56,770 - Loaded System Directive: org.apache.velocity.runtime.directive.Literal
2016-02-27 21:31:56,786 - Loaded System Directive: org.apache.velocity.runtime.directive.Macro
2016-02-27 21:31:56,786 - Loaded System Directive: org.apache.velocity.runtime.directive.Parse
2016-02-27 21:31:56,786 - Loaded System Directive: org.apache.velocity.runtime.directive.Include
2016-02-27 21:31:56,786 - Loaded System Directive: org.apache.velocity.runtime.directive.Foreach
2016-02-27 21:31:56,848 - Created: 20 parsers.
2016-02-27 21:31:56,864 - Velocimacro : initialization starting.
2016-02-27 21:31:56,864 - Velocimacro : adding VMs from VM library template : VM_global_library.vm
2016-02-27 21:31:56,879 - ResourceManager : unable to find resource 'VM_global_library.vm' in any resource loader.
2016-02-27 21:31:56,879 - Velocimacro : error using  VM library template VM_global_library.vm : org.apache.velocity.exception.ResourceNotFoundException: Unable to find resource 'VM_global_library.vm'
2016-02-27 21:31:56,879 - Velocimacro :  VM library template macro registration complete.
2016-02-27 21:31:56,879 - Velocimacro : allowInline = true : VMs can be defined inline in templates
2016-02-27 21:31:56,879 - Velocimacro : allowInlineToOverride = false : VMs defined inline may NOT replace previous VM definitions
2016-02-27 21:31:56,879 - Velocimacro : allowInlineLocal = false : VMs defined inline will be  global in scope if allowed.
2016-02-27 21:31:56,879 - Velocimacro : messages on  : VM system will output logging messages
2016-02-27 21:31:56,879 - Velocimacro : autoload off  : VM system will not automatically reload global library macros
2016-02-27 21:31:56,879 - Velocimacro : initialization complete.
2016-02-27 21:31:56,879 - Velocity successfully started.
